<?xml version="1.0" encoding="UTF-8"?>
<!-- Generated by org.testng.reporters.JUnitReportReporter -->
<testsuite skipped="0" hostname="Milenas-MacBook-Pro.local" name="com.class12.Task1" tests="2" failures="0" timestamp="04 Jun 2019 23:29:50 GMT" time="6.442" errors="0">
  <testcase name="readFile" time="6.218" classname="com.class12.Task1"/>
  <testcase name="verify" time="0.224" classname="com.class12.Task1"/>
</testsuite> <!-- com.class12.Task1 -->
