<?xml version="1.0" encoding="UTF-8"?>
<!-- Generated by org.testng.reporters.JUnitReportReporter -->
<testsuite skipped="0" hostname="Milenas-MacBook-Pro.local" name="com.class12.BrLinksAsel" tests="1" failures="0" timestamp="02 Jun 2019 16:52:23 GMT" time="11.673" errors="0">
  <testcase name="brokenLinksVerification" time="11.673" classname="com.class12.BrLinksAsel"/>
</testsuite> <!-- com.class12.BrLinksAsel -->
