<?xml version="1.0" encoding="UTF-8"?>
<!-- Generated by org.testng.reporters.JUnitReportReporter -->
<testsuite skipped="0" hostname="Milenas-MacBook-Pro.local" name="com.class12.ReadingPropertyFile" tests="1" failures="0" timestamp="02 Jun 2019 17:53:08 GMT" time="6.820" errors="0">
  <testcase name="readFile" time="6.820" classname="com.class12.ReadingPropertyFile"/>
</testsuite> <!-- com.class12.ReadingPropertyFile -->
