<?xml version="1.0" encoding="UTF-8"?>
<!-- Generated by org.testng.reporters.JUnitReportReporter -->
<testsuite skipped="0" hostname="Milenas-MacBook-Pro.local" name="com.class12_.FlightSearchAsel" tests="1" failures="0" timestamp="04 Jun 2019 19:31:52 GMT" time="15.423" errors="0">
  <testcase name="searchFlight" time="15.423" classname="com.class12_.FlightSearchAsel"/>
</testsuite> <!-- com.class12_.FlightSearchAsel -->
