<?xml version="1.0" encoding="UTF-8"?>
<!-- Generated by org.testng.reporters.JUnitReportReporter -->
<testsuite skipped="0" hostname="Milenas-MacBook-Pro.local" name="com.class12_.Task1" tests="2" failures="0" timestamp="04 Jun 2019 23:36:52 GMT" time="4.397" errors="0">
  <testcase name="readFile" time="4.188" classname="com.class12_.Task1"/>
  <testcase name="loginValidation" time="0.209" classname="com.class12_.Task1"/>
</testsuite> <!-- com.class12_.Task1 -->
