<?xml version="1.0" encoding="UTF-8"?>
<!-- Generated by org.testng.reporters.JUnitReportReporter -->
<testsuite skipped="0" hostname="Milenas-MacBook-Pro.local" name="com.class12.FlightSearch" tests="2" failures="0" timestamp="04 Jun 2019 19:23:34 GMT" time="50.746" errors="0">
  <testcase name="searchFlight" time="50.698" classname="com.class12.FlightSearch"/>
  <testcase name="verify" time="0.048" classname="com.class12.FlightSearch"/>
</testsuite> <!-- com.class12.FlightSearch -->
