<?xml version="1.0" encoding="UTF-8"?>
<!-- Generated by org.testng.reporters.JUnitReportReporter -->
<testsuite skipped="0" hostname="Milenas-MacBook-Pro.local" name="com.class12_.BrokenLinksDemo" tests="1" failures="0" timestamp="04 Jun 2019 21:26:44 GMT" time="10.891" errors="0">
  <testcase name="brokenLinksVerification" time="10.891" classname="com.class12_.BrokenLinksDemo"/>
</testsuite> <!-- com.class12_.BrokenLinksDemo -->
