<?xml version="1.0" encoding="UTF-8"?>
<!-- Generated by org.testng.reporters.JUnitReportReporter -->
<testsuite skipped="0" hostname="Milenas-MacBook-Pro.local" name="com.class12_.ReadingPropertyFile" tests="1" failures="0" timestamp="04 Jun 2019 22:48:52 GMT" time="8.141" errors="0">
  <testcase name="readFile" time="8.141" classname="com.class12_.ReadingPropertyFile"/>
</testsuite> <!-- com.class12_.ReadingPropertyFile -->
